2023-06-19 14:59:54 - Starting Stock Updater
2023-06-19 15:00:22 - Products.xlsx was updated
2023-06-19 15:02:19 - ****************************** Starting Stock Updater ******************************
2023-06-19 15:02:27 - Products.xlsx was updated
2023-06-19 15:02:40 - Products.xlsx was updated
2023-06-19 15:03:17 - Products.xlsx was updated
2023-06-19 15:03:31 - Products.xlsx was updated
2023-06-19 15:07:08 - ****************************** Starting Stock Updater ******************************
2023-06-19 15:07:18 - Products.xlsx was updated
2023-06-19 15:07:20 - Read new data from Products.xlsx
2023-06-19 15:52:41 - ****************************** Starting Stock Updater ******************************
2023-06-19 15:57:49 - ****************************** Starting Stock Updater ******************************
2023-06-19 15:58:33 - ****************************** Starting Stock Updater ******************************
2023-06-19 16:01:01 - ****************************** Starting Stock Updater ******************************
2023-06-19 16:10:00 - ****************************** Starting Stock Updater ******************************
2023-06-19 16:10:34 - ****************************** Starting Stock Updater ******************************
2023-06-19 16:18:11 - ****************************** Starting Stock Updater ******************************
2023-06-19 16:18:15 - New data from input_1.xlsx
2023-06-19 16:23:36 - ****************************** Starting Stock Updater ******************************
2023-06-19 16:23:47 - New data from input_1.xlsx
2023-06-19 16:25:16 - ****************************** Starting Stock Updater ******************************
2023-06-19 16:25:21 - New data from input_1.xlsx
2023-06-19 16:25:23 - New data from input_1.xlsx
2023-06-19 16:25:26 - New data from input_1.xlsx
2023-06-20 07:12:43 - New data from input_1.xlsx
2023-06-20 07:13:16 - New data from input_1.xlsx
2023-06-20 07:13:18 - New data from input_1.xlsx
2023-06-20 07:13:38 - New data from input_1.xlsx
2023-06-20 07:14:32 - New data from input_1.xlsx
2023-06-20 07:14:34 - New data from input_1.xlsx
2023-06-20 07:44:27 - New data from input_1.xlsx
2023-06-20 07:52:27 - New data from input_1.xlsx
2023-06-20 08:09:01 - New data from input_1.xlsx
2023-06-20 08:09:12 - New data from input_1.xlsx
2023-06-20 08:09:49 - New data from input_1.xlsx
2023-06-20 08:10:19 - New data from input_1.xlsx
2023-06-20 08:10:59 - New data from input_1.xlsx
2023-06-20 08:11:54 - New data from input_1.xlsx
2023-06-20 08:12:55 - New data from input_1.xlsx
2023-06-20 08:15:54 - New data from input_1.xlsx
2023-06-20 08:17:43 - New data from input_1.xlsx
2023-06-20 08:19:13 - New data from input_1.xlsx
2023-06-20 08:21:38 - New data from input_1.xlsx
2023-06-20 08:22:19 - New data from input_1.xlsx
2023-06-20 08:23:16 - New data from input_1.xlsx
2023-06-20 08:25:34 - New data from input_1.xlsx
2023-06-20 08:25:52 - New data from input_1.xlsx
2023-06-20 08:26:41 - New data from input_1.xlsx
2023-06-20 08:27:26 - New data from input_1.xlsx
2023-06-20 08:29:19 - New data from input_1.xlsx
2023-06-20 08:30:25 - New data from input_1.xlsx
2023-06-20 08:31:31 - New data from input_1.xlsx
2023-06-20 08:32:06 - New data from input_1.xlsx
2023-06-20 08:35:53 - New data from input_1.xlsx
2023-06-20 08:36:07 - New data from input_1.xlsx
2023-06-20 08:37:01 - New data from input_1.xlsx
2023-06-20 09:36:40 - New data from input_1.xlsx
2023-06-20 09:38:53 - New data from input_1.xlsx
2023-06-20 09:39:33 - New data from input_1.xlsx
2023-06-20 09:47:02 - New data from input_1.xlsx
2023-06-20 09:49:34 - New data from input_1.xlsx
2023-06-20 09:50:55 - New data from input_1.xlsx
2023-06-20 10:04:45 - New data from input_1.xlsx
2023-06-20 10:08:57 - New data from input_1.xlsx
2023-06-20 10:17:00 - New data from input_1.xlsx
2023-06-20 10:18:24 - New data from input_1.xlsx
2023-06-20 10:18:55 - New data from input_1.xlsx
2023-06-20 10:19:46 - New data from input_1.xlsx
2023-06-20 10:39:37 - New data from input_1.xlsx
2023-06-20 10:40:13 - New data from input_1.xlsx
2023-06-20 10:44:24 - New data from input_1.xlsx
2023-06-20 10:45:12 - New data from input_1.xlsx
2023-06-20 10:53:32 - New data from input_1.xlsx
2023-06-20 11:16:46 - New data from input_1.xlsx
2023-06-20 11:17:38 - New data from input_1.xlsx
2023-06-20 11:20:03 - New data from input_1.xlsx
2023-06-20 11:20:17 - New data from input_1.xlsx
2023-06-20 11:20:45 - New data from input_1.xlsx
2023-06-20 11:24:46 - New data from input_1.xlsx
2023-06-20 11:25:39 - New data from input_1.xlsx
2023-06-20 11:26:13 - New data from input_1.xlsx
2023-06-20 11:26:56 - New data from input_1.xlsx
2023-06-20 11:27:58 - New data from input_1.xlsx
2023-06-20 11:30:45 - New data from input_1.xlsx
2023-06-20 11:45:06 - New data from input_1.xlsx
2023-06-20 11:50:18 - New data from input_1.xlsx
2023-06-20 11:50:30 - New data from input_1.xlsx
2023-06-20 11:52:05 - New data from input_1.xlsx
2023-06-20 11:53:24 - New data from input_1.xlsx
2023-06-20 11:53:55 - New data from input_1.xlsx
2023-06-20 12:53:59 - New data from input_1.xlsx
2023-06-20 13:54:40 - New data from input_1.xlsx
2023-06-20 14:54:54 - New data from input_1.xlsx
2023-06-20 15:55:06 - New data from input_1.xlsx
