2023-06-27 16:25:50 - Error in shopifyApi - updateInventoryLevel:  HTTPError: Response code 400 (Bad Request)
2023-06-27 16:54:57 - Error updating product (shopifyAPI/updateProduct):  RequestError: write EPROTO 22352:error:14094410:SSL routines:ssl3_read_bytes:sslv3 alert handshake failure:c:\ws\deps\openssl\openssl\ssl\record\rec_layer_s3.c:1546:SSL alert number 40

2023-06-27 17:14:23 - Error updating product (shopifyAPI/updateProduct):  RequestError: write EPROTO 22352:error:14094410:SSL routines:ssl3_read_bytes:sslv3 alert handshake failure:c:\ws\deps\openssl\openssl\ssl\record\rec_layer_s3.c:1546:SSL alert number 40

2023-06-27 17:14:50 - Error in shopifyApi - updateInventoryLevel:  HTTPError: Response code 422 (Unprocessable Entity)
2023-06-27 17:45:17 - Error in shopifyApi - updateInventoryLevel:  HTTPError: Response code 422 (Unprocessable Entity)
2023-06-27 17:45:19 - Error in shopifyApi - updateInventoryLevel:  HTTPError: Response code 422 (Unprocessable Entity)
2023-06-27 17:45:20 - Error in shopifyApi - updateInventoryLevel:  HTTPError: Response code 422 (Unprocessable Entity)
2023-06-27 17:45:21 - Error in shopifyApi - updateInventoryLevel:  HTTPError: Response code 422 (Unprocessable Entity)
2023-06-27 17:50:44 - Error in shopifyApi - updateInventoryLevel:  HTTPError: Response code 404 (Not Found)
2023-06-27 17:50:45 - Error updating product (shopifyAPI/updateProduct):  HTTPError: Response code 404 (Not Found)
2023-06-27 17:50:51 - Error in shopifyApi - updateInventoryLevel:  HTTPError: Response code 404 (Not Found)
2023-06-27 17:50:52 - Error updating product (shopifyAPI/updateProduct):  HTTPError: Response code 404 (Not Found)
2023-06-27 17:55:33 - Error in shopifyApi - updateInventoryLevel:  HTTPError: Response code 404 (Not Found)
2023-06-27 17:55:33 - Error updating product (shopifyAPI/updateProduct):  HTTPError: Response code 404 (Not Found)
2023-06-27 17:55:38 - Error in shopifyApi - updateInventoryLevel:  HTTPError: Response code 404 (Not Found)
2023-06-27 17:55:39 - Error updating product (shopifyAPI/updateProduct):  HTTPError: Response code 404 (Not Found)
2023-06-27 18:22:10 - Error updating product (shopifyAPI/updateProduct):  RequestError: write EPROTO 22352:error:14094410:SSL routines:ssl3_read_bytes:sslv3 alert handshake failure:c:\ws\deps\openssl\openssl\ssl\record\rec_layer_s3.c:1546:SSL alert number 40

2023-06-27 18:51:58 - Error in shopifyApi - updateInventoryLevel:  HTTPError: Response code 504 (Gateway Timeout)
2023-06-27 19:11:10 - Error in shopifyApi - updateInventoryLevel:  RequestError: write EPROTO 22352:error:14094410:SSL routines:ssl3_read_bytes:sslv3 alert handshake failure:c:\ws\deps\openssl\openssl\ssl\record\rec_layer_s3.c:1546:SSL alert number 40

2023-06-27 20:02:25 - Error in shopifyApi - updateInventoryLevel:  HTTPError: Response code 504 (Gateway Timeout)
2023-06-27 20:03:04 - Error updating product (shopifyAPI/updateProduct):  HTTPError: Response code 504 (Gateway Timeout)
2023-06-27 20:36:18 - Error in shopifyApi - updateInventoryLevel:  RequestError: write EPROTO 22352:error:14094410:SSL routines:ssl3_read_bytes:sslv3 alert handshake failure:c:\ws\deps\openssl\openssl\ssl\record\rec_layer_s3.c:1546:SSL alert number 40

2023-06-27 20:55:00 - Error in shopifyApi - updateInventoryLevel:  RequestError: write EPROTO 22352:error:14094410:SSL routines:ssl3_read_bytes:sslv3 alert handshake failure:c:\ws\deps\openssl\openssl\ssl\record\rec_layer_s3.c:1546:SSL alert number 40

2023-06-27 22:53:14 - Error in shopifyApi - getCollection:  HTTPError: Response code 404 (Not Found)
2023-06-27 22:53:14 - Error in Collection Update: HTTPError: Response code 404 (Not Found)
2023-06-28 00:22:23 - Error in shopifyApi - makeProductPlacementGraphQlCall:  HTTPError: Response code 504 (Gateway Timeout)
2023-06-28 00:22:23 - Error in Collection Update: HTTPError: Response code 504 (Gateway Timeout)
