2023-06-22 15:52:19 - Error in shopifyApi - updateInventoryLevel:  HTTPError: Response code 400 (Bad Request)
2023-06-22 15:59:50 - Error in shopifyApi - updateInventoryLevel:  HTTPError: Response code 504 (Gateway Timeout)
2023-06-22 16:03:15 - Error updating product (shopifyAPI/updateProduct):  RequestError: write EPROTO 1604:error:14094410:SSL routines:ssl3_read_bytes:sslv3 alert handshake failure:c:\ws\deps\openssl\openssl\ssl\record\rec_layer_s3.c:1546:SSL alert number 40

2023-06-22 16:40:45 - Error in shopifyApi - updateInventoryLevel:  HTTPError: Response code 422 (Unprocessable Entity)
2023-06-22 17:11:01 - Error in shopifyApi - updateInventoryLevel:  HTTPError: Response code 422 (Unprocessable Entity)
2023-06-22 17:11:03 - Error in shopifyApi - updateInventoryLevel:  HTTPError: Response code 422 (Unprocessable Entity)
2023-06-22 17:11:04 - Error in shopifyApi - updateInventoryLevel:  HTTPError: Response code 422 (Unprocessable Entity)
2023-06-22 17:11:06 - Error in shopifyApi - updateInventoryLevel:  HTTPError: Response code 422 (Unprocessable Entity)
2023-06-22 17:16:28 - Error in shopifyApi - updateInventoryLevel:  HTTPError: Response code 404 (Not Found)
2023-06-22 17:16:29 - Error updating product (shopifyAPI/updateProduct):  HTTPError: Response code 404 (Not Found)
2023-06-22 17:16:35 - Error in shopifyApi - updateInventoryLevel:  HTTPError: Response code 404 (Not Found)
2023-06-22 17:16:36 - Error updating product (shopifyAPI/updateProduct):  HTTPError: Response code 404 (Not Found)
2023-06-22 17:21:17 - Error in shopifyApi - updateInventoryLevel:  HTTPError: Response code 404 (Not Found)
2023-06-22 17:21:18 - Error updating product (shopifyAPI/updateProduct):  HTTPError: Response code 404 (Not Found)
2023-06-22 17:21:22 - Error in shopifyApi - updateInventoryLevel:  HTTPError: Response code 404 (Not Found)
2023-06-22 17:21:23 - Error updating product (shopifyAPI/updateProduct):  HTTPError: Response code 404 (Not Found)
2023-06-22 17:26:52 - Error updating product (shopifyAPI/updateProduct):  RequestError: write EPROTO 1604:error:14094410:SSL routines:ssl3_read_bytes:sslv3 alert handshake failure:c:\ws\deps\openssl\openssl\ssl\record\rec_layer_s3.c:1546:SSL alert number 40

2023-06-22 17:45:21 - Error updating product (shopifyAPI/updateProduct):  HTTPError: Response code 504 (Gateway Timeout)
2023-06-22 18:05:55 - Error in shopifyApi - updateInventoryLevel:  HTTPError: Response code 504 (Gateway Timeout)
2023-06-22 18:07:23 - Error updating product (shopifyAPI/updateProduct):  RequestError: write EPROTO 1604:error:14094410:SSL routines:ssl3_read_bytes:sslv3 alert handshake failure:c:\ws\deps\openssl\openssl\ssl\record\rec_layer_s3.c:1546:SSL alert number 40

2023-06-22 18:16:52 - Error updating product (shopifyAPI/updateProduct):  RequestError: write EPROTO 1604:error:14094410:SSL routines:ssl3_read_bytes:sslv3 alert handshake failure:c:\ws\deps\openssl\openssl\ssl\record\rec_layer_s3.c:1546:SSL alert number 40

2023-06-22 18:29:59 - Error in shopifyApi - updateInventoryLevel:  RequestError: write EPROTO 1604:error:14094410:SSL routines:ssl3_read_bytes:sslv3 alert handshake failure:c:\ws\deps\openssl\openssl\ssl\record\rec_layer_s3.c:1546:SSL alert number 40

2023-06-22 18:49:27 - Error updating product (shopifyAPI/updateProduct):  RequestError: write EPROTO 1604:error:14094410:SSL routines:ssl3_read_bytes:sslv3 alert handshake failure:c:\ws\deps\openssl\openssl\ssl\record\rec_layer_s3.c:1546:SSL alert number 40

2023-06-22 19:55:10 - Error in shopifyApi - updateInventoryLevel:  HTTPError: Response code 502 (Bad Gateway)
2023-06-22 22:02:17 - Error in shopifyApi - makeProductPlacementGraphQlCall:  HTTPError: Response code 504 (Gateway Timeout)
2023-06-22 22:02:17 - Error in Collection Update: HTTPError: Response code 504 (Gateway Timeout)
2023-06-22 22:02:55 - Error in shopifyApi - makeProductPlacementGraphQlCall:  HTTPError: Response code 504 (Gateway Timeout)
2023-06-22 22:02:55 - Error in Collection Update: HTTPError: Response code 504 (Gateway Timeout)
2023-06-22 22:45:31 - Error in shopifyApi - getCollection:  HTTPError: Response code 404 (Not Found)
2023-06-22 22:45:31 - Error in Collection Update: HTTPError: Response code 404 (Not Found)
2023-06-23 00:17:49 - Error in shopifyApi - makeProductPlacementGraphQlCall:  HTTPError: Response code 504 (Gateway Timeout)
2023-06-23 00:17:49 - Error in Collection Update: HTTPError: Response code 504 (Gateway Timeout)
2023-06-23 00:24:02 - Error in shopifyApi - makeProductPlacementGraphQlCall:  HTTPError: Response code 502 (Bad Gateway)
2023-06-23 00:24:02 - Error in Collection Update: HTTPError: Response code 502 (Bad Gateway)
2023-06-23 00:24:25 - Error in shopifyApi - makeProductPlacementGraphQlCall:  HTTPError: Response code 502 (Bad Gateway)
2023-06-23 00:24:25 - Error in Collection Update: HTTPError: Response code 502 (Bad Gateway)
2023-06-23 00:42:10 - Error in shopifyApi - makeProductPlacementGraphQlCall:  HTTPError: Response code 502 (Bad Gateway)
2023-06-23 00:42:10 - Error in Collection Update: HTTPError: Response code 502 (Bad Gateway)
