2023-06-26 11:59:44 - Error in shopifyApi - updateInventoryLevel:  HTTPError: Response code 400 (Bad Request)
2023-06-26 12:18:48 - Error in shopifyApi - updateInventoryLevel:  RequestError: write EPROTO 17500:error:14094410:SSL routines:ssl3_read_bytes:sslv3 alert handshake failure:c:\ws\deps\openssl\openssl\ssl\record\rec_layer_s3.c:1546:SSL alert number 40

2023-06-26 12:44:47 - Error in shopifyApi - updateInventoryLevel:  RequestError: write EPROTO 17500:error:14094410:SSL routines:ssl3_read_bytes:sslv3 alert handshake failure:c:\ws\deps\openssl\openssl\ssl\record\rec_layer_s3.c:1546:SSL alert number 40

2023-06-26 12:48:11 - Error in shopifyApi - updateInventoryLevel:  HTTPError: Response code 422 (Unprocessable Entity)
2023-06-26 13:18:28 - Error in shopifyApi - updateInventoryLevel:  HTTPError: Response code 422 (Unprocessable Entity)
2023-06-26 13:18:29 - Error in shopifyApi - updateInventoryLevel:  HTTPError: Response code 422 (Unprocessable Entity)
2023-06-26 13:18:31 - Error in shopifyApi - updateInventoryLevel:  HTTPError: Response code 422 (Unprocessable Entity)
2023-06-26 13:18:32 - Error in shopifyApi - updateInventoryLevel:  HTTPError: Response code 422 (Unprocessable Entity)
2023-06-26 13:23:55 - Error in shopifyApi - updateInventoryLevel:  HTTPError: Response code 404 (Not Found)
2023-06-26 13:23:56 - Error updating product (shopifyAPI/updateProduct):  HTTPError: Response code 404 (Not Found)
2023-06-26 13:24:02 - Error in shopifyApi - updateInventoryLevel:  HTTPError: Response code 404 (Not Found)
2023-06-26 13:24:03 - Error updating product (shopifyAPI/updateProduct):  HTTPError: Response code 404 (Not Found)
2023-06-26 13:28:41 - Error in shopifyApi - updateInventoryLevel:  RequestError: write EPROTO 17500:error:14094410:SSL routines:ssl3_read_bytes:sslv3 alert handshake failure:c:\ws\deps\openssl\openssl\ssl\record\rec_layer_s3.c:1546:SSL alert number 40

2023-06-26 13:28:43 - Error in shopifyApi - updateInventoryLevel:  HTTPError: Response code 404 (Not Found)
2023-06-26 13:28:44 - Error updating product (shopifyAPI/updateProduct):  HTTPError: Response code 404 (Not Found)
2023-06-26 13:28:49 - Error in shopifyApi - updateInventoryLevel:  HTTPError: Response code 404 (Not Found)
2023-06-26 13:28:50 - Error updating product (shopifyAPI/updateProduct):  HTTPError: Response code 404 (Not Found)
2023-06-26 13:43:36 - Error in shopifyApi - updateInventoryLevel:  RequestError: write EPROTO 17500:error:14094410:SSL routines:ssl3_read_bytes:sslv3 alert handshake failure:c:\ws\deps\openssl\openssl\ssl\record\rec_layer_s3.c:1546:SSL alert number 40

2023-06-26 14:06:31 - Error updating product (shopifyAPI/updateProduct):  RequestError: write EPROTO 17500:error:14094410:SSL routines:ssl3_read_bytes:sslv3 alert handshake failure:c:\ws\deps\openssl\openssl\ssl\record\rec_layer_s3.c:1546:SSL alert number 40

2023-06-26 14:21:52 - Error in shopifyApi - updateInventoryLevel:  RequestError: write EPROTO 17500:error:14094410:SSL routines:ssl3_read_bytes:sslv3 alert handshake failure:c:\ws\deps\openssl\openssl\ssl\record\rec_layer_s3.c:1546:SSL alert number 40

2023-06-26 14:27:45 - Error updating product (shopifyAPI/updateProduct):  RequestError: write EPROTO 17500:error:14094410:SSL routines:ssl3_read_bytes:sslv3 alert handshake failure:c:\ws\deps\openssl\openssl\ssl\record\rec_layer_s3.c:1546:SSL alert number 40

2023-06-26 16:22:58 - Error in shopifyApi - makeProductPlacementGraphQlCall:  HTTPError: Response code 504 (Gateway Timeout)
2023-06-26 16:22:58 - Error in Collection Update: HTTPError: Response code 504 (Gateway Timeout)
2023-06-26 16:37:34 - Error in shopifyApi - makeProductPlacementGraphQlCall:  HTTPError: Response code 502 (Bad Gateway)
2023-06-26 16:37:34 - Error in Collection Update: HTTPError: Response code 502 (Bad Gateway)
2023-06-26 18:04:11 - Error in shopifyApi - getCollection:  HTTPError: Response code 404 (Not Found)
2023-06-26 18:04:11 - Error in Collection Update: HTTPError: Response code 404 (Not Found)
2023-06-27 08:57:51 - Error in shopifyApi - updateInventoryLevel:  HTTPError: Response code 400 (Bad Request)
2023-06-27 09:05:53 - Error in shopifyApi - updateInventoryLevel:  HTTPError: Response code 400 (Bad Request)
2023-06-27 09:08:07 - Error in shopifyApi - updateInventoryLevel:  HTTPError: Response code 400 (Bad Request)
2023-06-27 09:34:25 - Error in shopifyApi - updateInventoryLevel:  HTTPError: Response code 400 (Bad Request)
2023-06-27 09:42:23 - Error in shopifyApi - updateInventoryLevel:  HTTPError: Response code 400 (Bad Request)
2023-06-27 09:45:46 - Error in shopifyApi - updateInventoryLevel:  HTTPError: Response code 400 (Bad Request)
2023-06-27 09:49:47 - Error in shopifyApi - updateInventoryLevel:  HTTPError: Response code 400 (Bad Request)
2023-06-27 09:49:56 - Error in shopifyApi - updateInventoryLevel:  HTTPError: Response code 400 (Bad Request)
2023-06-27 10:19:10 - Error in shopifyApi - updateInventoryLevel:  RequestError: write EPROTO 17500:error:14094410:SSL routines:ssl3_read_bytes:sslv3 alert handshake failure:c:\ws\deps\openssl\openssl\ssl\record\rec_layer_s3.c:1546:SSL alert number 40

2023-06-27 10:26:06 - Error updating product (shopifyAPI/updateProduct):  RequestError: write EPROTO 17500:error:14094410:SSL routines:ssl3_read_bytes:sslv3 alert handshake failure:c:\ws\deps\openssl\openssl\ssl\record\rec_layer_s3.c:1546:SSL alert number 40

2023-06-27 10:28:23 - Error in shopifyApi - updateInventoryLevel:  HTTPError: Response code 400 (Bad Request)
2023-06-27 10:29:48 - Error in shopifyApi - updateInventoryLevel:  HTTPError: Response code 400 (Bad Request)
2023-06-27 10:32:44 - Error in shopifyApi - updateInventoryLevel:  HTTPError: Response code 400 (Bad Request)
2023-06-27 11:28:08 - Error in shopifyApi - updateInventoryLevel:  HTTPError: Response code 400 (Bad Request)
2023-06-27 13:36:03 - Error  -  Error: Bad compressed size: 0 != 130
2023-06-27 13:36:15 - Error  -  Error: Bad compressed size: 0 != 130
2023-06-27 15:51:25 - Error in shopifyApi - updateInventoryLevel:  HTTPError: Response code 400 (Bad Request)
2023-06-27 15:59:25 - Error updating product (shopifyAPI/updateProduct):  RequestError: write EPROTO 17500:error:14094410:SSL routines:ssl3_read_bytes:sslv3 alert handshake failure:c:\ws\deps\openssl\openssl\ssl\record\rec_layer_s3.c:1546:SSL alert number 40

2023-06-27 16:09:51 - Error updating product (shopifyAPI/updateProduct):  RequestError: write EPROTO 17500:error:14094410:SSL routines:ssl3_read_bytes:sslv3 alert handshake failure:c:\ws\deps\openssl\openssl\ssl\record\rec_layer_s3.c:1546:SSL alert number 40

