2023-06-20 11:27:58 - 1                    n/a
2023-06-20 11:30:45 - Product: 1                    n/a
2023-06-20 11:30:50 - Error in shopifyApi - updateInventoryLevel:  HTTPError: Response code 400 (Bad Request)
2023-06-20 11:30:50 - Error reading input_1.xlsx  -  HTTPError: Response code 400 (Bad Request)
2023-06-20 11:32:21 - Product: 1                    n/a
2023-06-20 11:32:21 - Product: 2                    n/a
2023-06-20 11:32:21 - Product: 3                    n/a
2023-06-20 11:32:21 - Product: 4                    n/a
2023-06-20 11:32:21 - Product: 5                    n/a
2023-06-20 11:32:21 - Product: 6                    n/a
2023-06-20 11:32:21 - Product: 9                    n/a
2023-06-20 11:32:21 - Product: 10                   n/a
2023-06-20 11:32:21 - Product: 11                   n/a
2023-06-20 11:32:21 - Product: 26                   n/a
2023-06-20 11:32:21 - Product: 27                   n/a
2023-06-20 11:32:21 - Product: 28                   n/a
2023-06-20 11:32:21 - Product: 29                   n/a
2023-06-20 11:32:21 - Product: 30                   n/a
2023-06-20 11:32:21 - Product: 31                   n/a
2023-06-20 11:32:21 - Product: 32                   n/a
2023-06-20 11:32:21 - Product: 33                   n/a
2023-06-20 11:32:21 - Product: 34                   n/a
2023-06-20 11:32:21 - Product: 40                   n/a
2023-06-20 11:32:21 - Product: 41                   n/a
2023-06-20 11:32:21 - Product: 42                   n/a
2023-06-20 11:32:21 - Product: 43                   n/a
2023-06-20 11:32:21 - Product: 44                   n/a
2023-06-20 11:32:21 - Product: 45                   n/a
2023-06-20 11:32:21 - Product: 46                   n/a
2023-06-20 11:32:21 - Product: 47                   n/a
2023-06-20 11:32:21 - Product: 49                   n/a
2023-06-20 11:32:21 - Product: 53                   n/a
2023-06-20 11:32:21 - Product: 54                   n/a
2023-06-20 11:32:21 - Product: 55                   n/a
2023-06-20 11:32:21 - Product: 58                   n/a
2023-06-20 11:32:21 - Product: 59                   n/a
2023-06-20 11:32:21 - Product: 60                   n/a
2023-06-20 11:32:21 - Product: 63                   n/a
2023-06-20 11:32:21 - Product: 66                   n/a
2023-06-20 11:32:21 - Product: 68                   n/a
2023-06-20 11:32:21 - Product: 78                   n/a
2023-06-20 11:32:21 - Product: 79                   n/a
2023-06-20 11:32:21 - Product: 80                   n/a
2023-06-20 11:32:21 - Product: 82                   n/a
2023-06-20 11:32:21 - Product: 120                  n/a
2023-06-20 11:32:21 - Product: 121                  n/a
2023-06-20 11:32:21 - Product: 122                  n/a
2023-06-20 11:32:21 - Product: 124                  n/a
2023-06-20 11:32:21 - Product: 125                  n/a
2023-06-20 11:32:21 - Product: 126                  n/a
2023-06-20 11:32:21 - Product: 133                  n/a
2023-06-20 11:32:21 - Error in shopifyApi - updateInventoryLevel:  TypeError: Cannot read properties of undefined (reading 'Variant Inventory Item ID')
2023-06-20 11:32:21 - Error  -  TypeError: Cannot read properties of undefined (reading 'Variant Inventory Item ID')
2023-06-20 11:34:41 - Product: 1                    n/a
2023-06-20 11:34:41 - Product: 2                    n/a
2023-06-20 11:34:41 - Product: 3                    n/a
2023-06-20 11:34:41 - Product: 4                    n/a
2023-06-20 11:34:41 - Product: 5                    n/a
2023-06-20 11:34:41 - Product: 6                    n/a
2023-06-20 11:34:41 - Product: 9                    n/a
2023-06-20 11:34:41 - Product: 10                   n/a
2023-06-20 11:34:41 - Product: 11                   n/a
2023-06-20 11:34:41 - Product: 26                   n/a
2023-06-20 11:34:41 - Product: 27                   n/a
2023-06-20 11:34:41 - Product: 28                   n/a
2023-06-20 11:34:41 - Product: 29                   n/a
2023-06-20 11:34:41 - Product: 30                   n/a
2023-06-20 11:34:41 - Product: 31                   n/a
2023-06-20 11:34:41 - Product: 32                   n/a
2023-06-20 11:34:41 - Product: 33                   n/a
2023-06-20 11:34:41 - Product: 34                   n/a
2023-06-20 11:34:41 - Product: 40                   n/a
2023-06-20 11:34:41 - Product: 41                   n/a
2023-06-20 11:34:41 - Product: 42                   n/a
2023-06-20 11:34:41 - Product: 43                   n/a
2023-06-20 11:34:41 - Product: 44                   n/a
2023-06-20 11:34:41 - Product: 45                   n/a
2023-06-20 11:34:41 - Product: 46                   n/a
2023-06-20 11:34:41 - Product: 47                   n/a
2023-06-20 11:34:41 - Product: 49                   n/a
2023-06-20 11:34:41 - Product: 53                   n/a
2023-06-20 11:34:41 - Product: 54                   n/a
2023-06-20 11:34:41 - Product: 55                   n/a
2023-06-20 11:34:41 - Product: 58                   n/a
2023-06-20 11:34:41 - Product: 59                   n/a
2023-06-20 11:34:41 - Product: 60                   n/a
2023-06-20 11:34:41 - Product: 63                   n/a
2023-06-20 11:34:41 - Product: 66                   n/a
2023-06-20 11:34:41 - Product: 68                   n/a
2023-06-20 11:34:41 - Product: 78                   n/a
2023-06-20 11:34:41 - Product: 79                   n/a
2023-06-20 11:34:41 - Product: 80                   n/a
2023-06-20 11:34:41 - Product: 82                   n/a
2023-06-20 11:34:41 - Product: 120                  n/a
2023-06-20 11:34:41 - Product: 121                  n/a
2023-06-20 11:34:41 - Product: 122                  n/a
2023-06-20 11:34:41 - Product: 124                  n/a
2023-06-20 11:34:41 - Product: 125                  n/a
2023-06-20 11:34:41 - Product: 126                  n/a
2023-06-20 11:34:41 - Product: 133                  n/a
2023-06-20 11:34:41 - Error in shopifyApi - updateInventoryLevel:  TypeError: Cannot read properties of undefined (reading 'Variant Inventory Item ID')
2023-06-20 11:34:41 - Error  -  TypeError: Cannot read properties of undefined (reading 'Variant SKU')
2023-06-20 11:35:39 - Product: 1                    n/a
2023-06-20 11:35:39 - Product: 2                    n/a
2023-06-20 11:35:39 - Product: 3                    n/a
2023-06-20 11:35:39 - Product: 4                    n/a
2023-06-20 11:35:39 - Product: 5                    n/a
2023-06-20 11:35:39 - Product: 6                    n/a
2023-06-20 11:35:39 - Product: 9                    n/a
2023-06-20 11:35:39 - Product: 10                   n/a
2023-06-20 11:35:39 - Product: 11                   n/a
2023-06-20 11:35:39 - Product: 26                   n/a
2023-06-20 11:35:39 - Product: 27                   n/a
2023-06-20 11:35:39 - Product: 28                   n/a
2023-06-20 11:35:39 - Product: 29                   n/a
2023-06-20 11:35:39 - Product: 30                   n/a
2023-06-20 11:35:39 - Product: 31                   n/a
2023-06-20 11:35:39 - Product: 32                   n/a
2023-06-20 11:35:39 - Product: 33                   n/a
2023-06-20 11:35:39 - Product: 34                   n/a
2023-06-20 11:35:39 - Product: 40                   n/a
2023-06-20 11:35:39 - Product: 41                   n/a
2023-06-20 11:35:39 - Product: 42                   n/a
2023-06-20 11:35:39 - Product: 43                   n/a
2023-06-20 11:35:39 - Product: 44                   n/a
2023-06-20 11:35:39 - Product: 45                   n/a
2023-06-20 11:35:39 - Product: 46                   n/a
2023-06-20 11:35:39 - Product: 47                   n/a
2023-06-20 11:35:39 - Product: 49                   n/a
2023-06-20 11:35:39 - Product: 53                   n/a
2023-06-20 11:35:39 - Product: 54                   n/a
2023-06-20 11:35:39 - Product: 55                   n/a
2023-06-20 11:35:39 - Product: 58                   n/a
2023-06-20 11:35:39 - Product: 59                   n/a
2023-06-20 11:35:39 - Product: 60                   n/a
2023-06-20 11:35:39 - Product: 63                   n/a
2023-06-20 11:35:39 - Product: 66                   n/a
2023-06-20 11:35:39 - Product: 68                   n/a
2023-06-20 11:35:39 - Product: 78                   n/a
2023-06-20 11:35:39 - Product: 79                   n/a
2023-06-20 11:35:39 - Product: 80                   n/a
2023-06-20 11:35:40 - Product: 82                   n/a
2023-06-20 11:35:40 - Product: 120                  n/a
2023-06-20 11:35:40 - Product: 121                  n/a
2023-06-20 11:35:40 - Product: 122                  n/a
2023-06-20 11:35:40 - Product: 124                  n/a
2023-06-20 11:35:40 - Product: 125                  n/a
2023-06-20 11:35:40 - Product: 126                  n/a
2023-06-20 11:35:40 - Product: 133                  n/a
2023-06-20 11:35:40 - Error in shopifyApi - updateInventoryLevel:  TypeError: Cannot read properties of undefined (reading 'Variant Inventory Item ID')
2023-06-20 11:35:40 - Error  -  TypeError: Cannot read properties of undefined (reading 'Variant SKU')
2023-06-20 11:37:05 - Error in shopifyApi - updateInventoryLevel:  TypeError: Cannot read properties of undefined (reading 'Variant Inventory Item ID')
2023-06-20 11:37:05 - Error  -  TypeError: Cannot read properties of undefined (reading 'Variant SKU')
2023-06-20 11:39:40 - Error  -  TypeError: Cannot read properties of undefined (reading 'Variant Inventory Item ID')
2023-06-20 11:42:55 - Product: 1                    n/a
2023-06-20 11:45:06 - Product: 1                    n/a
2023-06-20 11:45:11 - Error in shopifyApi - updateInventoryLevel:  HTTPError: Response code 400 (Bad Request)
2023-06-20 11:50:18 - Error  -  TypeError: inventoryData[i].SKU.trim is not a function
2023-06-20 11:50:30 - Error  -  TypeError: inventoryData[i].SKU.trim is not a function
2023-06-20 11:52:05 - Product: 1 n/a
2023-06-20 11:52:10 - Product: undefined n/a
2023-06-20 11:53:24 - Product: 1 n/a
2023-06-20 11:53:28 - Product: undefined n/a
2023-06-20 11:53:55 - Product: 1 n/a
2023-06-20 11:54:56 - Product: 1 n/a
2023-06-20 11:54:56 - Product: 2 n/a
2023-06-20 11:54:56 - Product: 3 n/a
2023-06-20 11:54:56 - Product: 4 n/a
2023-06-20 11:54:56 - Product: 5 n/a
2023-06-20 11:54:56 - Product: 6 n/a
2023-06-20 11:54:56 - Product: 9 n/a
2023-06-20 11:54:56 - Product: 10 n/a
2023-06-20 11:54:56 - Product: 11 n/a
2023-06-20 11:54:56 - Product: 26 n/a
2023-06-20 11:54:56 - Product: 27 n/a
2023-06-20 11:54:56 - Product: 28 n/a
2023-06-20 11:54:56 - Product: 29 n/a
2023-06-20 11:54:56 - Product: 30 n/a
2023-06-20 11:54:56 - Product: 31 n/a
2023-06-20 11:54:56 - Product: 32 n/a
2023-06-20 11:54:56 - Product: 33 n/a
2023-06-20 11:54:56 - Product: 34 n/a
2023-06-20 11:54:56 - Product: 40 n/a
2023-06-20 11:54:56 - Product: 41 n/a
2023-06-20 11:54:56 - Product: 42 n/a
2023-06-20 11:54:56 - Product: 43 n/a
2023-06-20 11:54:56 - Product: 44 n/a
2023-06-20 11:54:56 - Product: 45 n/a
2023-06-20 11:54:56 - Product: 46 n/a
2023-06-20 11:54:56 - Product: 47 n/a
2023-06-20 11:54:56 - Product: 49 n/a
2023-06-20 11:54:56 - Product: 53 n/a
2023-06-20 11:54:56 - Product: 54 n/a
2023-06-20 11:54:56 - Product: 55 n/a
2023-06-20 11:54:56 - Product: 58 n/a
2023-06-20 11:54:56 - Product: 59 n/a
2023-06-20 11:54:56 - Product: 60 n/a
2023-06-20 11:54:56 - Product: 63 n/a
2023-06-20 11:54:56 - Product: 66 n/a
2023-06-20 11:54:56 - Product: 68 n/a
2023-06-20 11:54:56 - Product: 78 n/a
2023-06-20 11:54:56 - Product: 79 n/a
2023-06-20 11:54:56 - Product: 80 n/a
2023-06-20 11:54:56 - Product: 82 n/a
2023-06-20 11:54:56 - Product: 120 n/a
2023-06-20 11:54:56 - Product: 121 n/a
2023-06-20 11:54:56 - Product: 122 n/a
2023-06-20 11:54:56 - Product: 124 n/a
2023-06-20 11:54:56 - Product: 125 n/a
2023-06-20 11:54:56 - Product: 126 n/a
2023-06-20 11:54:56 - Product: 133 n/a
2023-06-20 11:54:56 - Product: 150 n/a
2023-06-20 11:54:56 - Product: 151 n/a
2023-06-20 11:54:56 - Product: 152 n/a
2023-06-20 11:54:56 - Product: 153 n/a
2023-06-20 11:54:56 - Product: 154 n/a
2023-06-20 11:54:56 - Product: 156 n/a
2023-06-20 11:54:56 - Product: 166 n/a
2023-06-20 11:54:56 - Product: 170 n/a
2023-06-20 11:54:56 - Product: 171 n/a
2023-06-20 11:54:56 - Product: 172 n/a
2023-06-20 11:54:56 - Product: 174 n/a
2023-06-20 11:54:56 - Product: 175 n/a
2023-06-20 11:54:56 - Product: 208 n/a
2023-06-20 11:54:56 - Product: 228 n/a
2023-06-20 11:54:56 - Product: 232 n/a
2023-06-20 11:54:56 - Product: 311 n/a
2023-06-20 11:54:56 - Product: 317 n/a
2023-06-20 11:54:56 - Product: 319 n/a
2023-06-20 11:54:56 - Product: 420 n/a
2023-06-20 11:54:56 - Product: 423 n/a
2023-06-20 11:54:56 - Product: 424 n/a
2023-06-20 11:54:56 - Product: 425 n/a
2023-06-20 11:54:56 - Product: 426 n/a
2023-06-20 11:54:56 - Product: 427 n/a
2023-06-20 11:54:56 - Product: 428 n/a
2023-06-20 11:54:56 - Product: 430 n/a
2023-06-20 11:54:56 - Product: 431 n/a
2023-06-20 11:54:56 - Product: 432 n/a
2023-06-20 11:54:56 - Product: 433 n/a
2023-06-20 11:54:56 - Product: 434 n/a
2023-06-20 11:54:56 - Product: 435 n/a
2023-06-20 11:54:56 - Product: 451 n/a
2023-06-20 11:54:56 - Product: 460 n/a
2023-06-20 11:54:56 - Product: 461 n/a
2023-06-20 11:54:56 - Product: 463 n/a
2023-06-20 11:54:56 - Product: 471 n/a
2023-06-20 11:54:56 - Product: 475 n/a
2023-06-20 11:54:56 - Product: 476 n/a
2023-06-20 11:54:56 - Product: 490 n/a
2023-06-20 11:54:56 - Product: 491 n/a
2023-06-20 11:54:56 - Product: 492 n/a
2023-06-20 11:54:56 - Product: 493 n/a
2023-06-20 11:54:56 - Product: 500 n/a
2023-06-20 11:54:56 - Product: 504 n/a
2023-06-20 11:54:56 - Product: 505 n/a
2023-06-20 11:54:56 - Product: 512 n/a
2023-06-20 11:54:56 - Product: 580 n/a
2023-06-20 11:54:56 - Product: 581 n/a
2023-06-20 11:54:56 - Product: 590 n/a
2023-06-20 11:54:56 - Product: 591 n/a
2023-06-20 11:54:56 - Product: 592 n/a
2023-06-20 11:54:56 - Product: 593 n/a
2023-06-20 11:54:56 - Product: 595 n/a
2023-06-20 11:54:56 - Product: 596 n/a
2023-06-20 11:54:56 - Product: 597 n/a
2023-06-20 11:54:56 - Product: 601 n/a
2023-06-20 11:54:56 - Product: 610 n/a
2023-06-20 11:54:56 - Product: 611 n/a
2023-06-20 11:54:56 - Product: 626 n/a
2023-06-20 11:54:56 - Product: 627 n/a
2023-06-20 11:54:56 - Product: 636 n/a
2023-06-20 11:54:56 - Product: 637 n/a
2023-06-20 11:54:56 - Product: 640 n/a
2023-06-20 11:54:56 - Product: 641 n/a
2023-06-20 11:54:56 - Product: 642 n/a
2023-06-20 11:54:56 - Product: 643 n/a
2023-06-20 11:54:56 - Product: 644 n/a
2023-06-20 11:54:56 - Product: 645 n/a
2023-06-20 11:54:56 - Product: 777 n/a
2023-06-20 11:54:56 - Product: 812 n/a
2023-06-20 11:54:56 - Product: 816 n/a
2023-06-20 11:54:56 - Product: 819 n/a
2023-06-20 11:54:56 - Product: 834 n/a
2023-06-20 11:54:56 - Product: 836 n/a
2023-06-20 11:54:56 - Product: 890 n/a
2023-06-20 11:54:56 - Product: 891 n/a
2023-06-20 11:54:56 - Product: 892 n/a
2023-06-20 11:54:56 - Product: 893 n/a
2023-06-20 11:54:56 - Product: 901 n/a
2023-06-20 11:54:56 - Product: 904 n/a
2023-06-20 11:54:56 - Product: 906 n/a
2023-06-20 11:54:56 - Product: 909 n/a
2023-06-20 11:54:56 - Product: 912 n/a
2023-06-20 11:54:56 - Product: 916 n/a
2023-06-20 11:54:56 - Product: 931 n/a
2023-06-20 11:54:56 - Product: 933 n/a
2023-06-20 11:54:56 - Product: 934 n/a
2023-06-20 11:54:56 - Product: 936 n/a
2023-06-20 11:54:56 - Product: 939 n/a
2023-06-20 11:54:56 - Product: 942 n/a
2023-06-20 11:54:56 - Product: 946 n/a
2023-06-20 11:54:56 - Product: 961 n/a
2023-06-20 11:54:56 - Product: 966 n/a
2023-06-20 11:54:56 - Product: 976 n/a
2023-06-20 11:54:56 - Product: 994 n/a
2023-06-20 11:54:56 - Product: 995 n/a
2023-06-20 11:54:56 - Product: 996 n/a
2023-06-20 11:54:56 - Product: 997 n/a
2023-06-20 11:54:56 - Product: 0001 n/a
2023-06-20 11:54:56 - Product: 0002 n/a
2023-06-20 11:54:56 - Product: 0003 n/a
2023-06-20 11:54:56 - Product: 0004 n/a
2023-06-20 11:54:56 - Product: 0005 n/a
2023-06-20 11:54:56 - Product: 0006 n/a
2023-06-20 11:54:56 - Product: 0026 n/a
2023-06-20 11:54:56 - Product: 0027 n/a
2023-06-20 11:54:56 - Product: 0028 n/a
2023-06-20 11:54:56 - Product: 0029 n/a
2023-06-20 11:54:56 - Product: 0030 n/a
2023-06-20 11:54:56 - Product: 0031 n/a
2023-06-20 11:54:56 - Product: 0032 n/a
2023-06-20 11:54:56 - Product: 0033 n/a
2023-06-20 11:54:56 - Product: 0034 n/a
2023-06-20 11:54:56 - Product: 0049 n/a
2023-06-20 11:54:56 - Product: 0053 n/a
2023-06-20 11:54:56 - Product: 0054 n/a
2023-06-20 11:54:56 - Product: 0055 n/a
2023-06-20 11:54:56 - Product: 0058 n/a
2023-06-20 11:54:56 - Product: 0059 n/a
2023-06-20 11:54:56 - Product: 0060 n/a
2023-06-20 11:54:56 - Product: 0066 n/a
2023-06-20 11:54:56 - Product: 0068 n/a
2023-06-20 11:54:56 - Product: 0078 n/a
2023-06-20 11:54:56 - Product: 0079 n/a
2023-06-20 11:54:56 - Product: 0080 n/a
2023-06-20 11:54:56 - Product: 0082 n/a
2023-06-20 11:54:56 - Product: 0420 n/a
2023-06-20 11:54:56 - Product: 0423 n/a
2023-06-20 11:54:56 - Product: 0424 n/a
2023-06-20 11:54:56 - Product: 0425 n/a
2023-06-20 11:54:56 - Product: 0426 n/a
2023-06-20 11:54:56 - Product: 0427 n/a
2023-06-20 11:54:56 - Product: 0428 n/a
2023-06-20 11:54:56 - Product: 0430 n/a
2023-06-20 11:54:56 - Product: 0431 n/a
2023-06-20 11:54:56 - Product: 0432 n/a
2023-06-20 11:54:56 - Product: 0433 n/a
2023-06-20 11:54:56 - Product: 0434 n/a
2023-06-20 11:54:56 - Product: 0435 n/a
2023-06-20 11:54:56 - Product: 0459 n/a
2023-06-20 11:54:56 - Product: 0460 n/a
2023-06-20 11:54:56 - Product: 0461 n/a
2023-06-20 11:54:56 - Product: 0463 n/a
2023-06-20 11:54:56 - Product: 0464 n/a
2023-06-20 11:54:56 - Product: 0471 n/a
2023-06-20 11:54:56 - Product: 0475 n/a
2023-06-20 11:54:56 - Product: 0476 n/a
2023-06-20 11:54:56 - Product: 0490 n/a
2023-06-20 11:54:56 - Product: 0491 n/a
2023-06-20 11:54:56 - Product: 0492 n/a
2023-06-20 11:54:56 - Product: 0493 n/a
2023-06-20 11:54:56 - Product: 0580 n/a
2023-06-20 11:54:56 - Product: 0581 n/a
2023-06-20 11:54:56 - Product: 0590 n/a
2023-06-20 11:54:56 - Product: 0591 n/a
2023-06-20 11:54:56 - Product: 0592 n/a
2023-06-20 11:54:56 - Product: 0593 n/a
2023-06-20 11:54:56 - Product: 0595 n/a
2023-06-20 11:54:56 - Product: 0596 n/a
2023-06-20 11:54:56 - Product: 0597 n/a
2023-06-20 11:54:56 - Product: 0601 n/a
2023-06-20 11:54:56 - Product: 0610 n/a
2023-06-20 11:54:56 - Product: 0611 n/a
2023-06-20 11:54:56 - Product: 0626 n/a
2023-06-20 11:54:56 - Product: 0627 n/a
2023-06-20 11:54:56 - Product: 0636 n/a
2023-06-20 11:54:56 - Product: 0637 n/a
2023-06-20 11:54:56 - Product: 0640 n/a
2023-06-20 11:54:56 - Product: 0641 n/a
2023-06-20 11:54:56 - Product: 0642 n/a
2023-06-20 11:54:56 - Product: 0801 n/a
2023-06-20 11:54:56 - Product: 0803 n/a
2023-06-20 11:54:56 - Product: 0804 n/a
2023-06-20 11:54:56 - Product: 0806 n/a
2023-06-20 11:54:56 - Product: 0809 n/a
2023-06-20 11:54:56 - Product: 0812 n/a
2023-06-20 11:54:56 - Product: 0816 n/a
2023-06-20 11:54:56 - Product: 0817 n/a
2023-06-20 11:54:56 - Product: 0818 n/a
2023-06-20 11:54:56 - Product: 0819 n/a
2023-06-20 11:54:56 - Product: 0834 n/a
2023-06-20 11:54:56 - Product: 0835 n/a
2023-06-20 11:54:56 - Product: 0836 n/a
2023-06-20 11:54:56 - Product: 0838 n/a
2023-06-20 11:54:56 - Product: 0839 n/a
2023-06-20 11:54:56 - Product: 0890 n/a
2023-06-20 11:54:56 - Product: 0891 n/a
2023-06-20 11:54:56 - Product: 0892 n/a
2023-06-20 11:54:56 - Product: 0893 n/a
2023-06-20 11:54:56 - Product: 0901 n/a
2023-06-20 11:54:56 - Product: 0903 n/a
2023-06-20 11:54:56 - Product: 0904 n/a
2023-06-20 11:54:56 - Product: 0906 n/a
2023-06-20 11:54:56 - Product: 0909 n/a
2023-06-20 11:54:56 - Product: 0912 n/a
2023-06-20 11:54:56 - Product: 0916 n/a
2023-06-20 11:54:56 - Product: 0931 n/a
2023-06-20 11:54:56 - Product: 0933 n/a
2023-06-20 11:54:56 - Product: 0934 n/a
2023-06-20 11:54:56 - Product: 0936 n/a
2023-06-20 11:54:56 - Product: 0939 n/a
2023-06-20 11:54:56 - Product: 0942 n/a
2023-06-20 11:54:56 - Product: 0946 n/a
2023-06-20 11:54:56 - Product: 0961 n/a
2023-06-20 11:54:56 - Product: 0963 n/a
2023-06-20 11:54:56 - Product: 0964 n/a
2023-06-20 11:54:56 - Product: 0966 n/a
2023-06-20 11:54:56 - Product: 0969 n/a
2023-06-20 11:54:56 - Product: 0972 n/a
2023-06-20 11:54:56 - Product: 0976 n/a
2023-06-20 11:54:56 - Product: 0994 n/a
2023-06-20 11:54:56 - Product: 0995 n/a
2023-06-20 11:54:56 - Product: 0996 n/a
2023-06-20 11:54:56 - Product: 0997 n/a
2023-06-20 11:54:56 - Product: 1002 n/a
2023-06-20 11:54:56 - Product: 1003 n/a
2023-06-20 11:54:56 - Product: 1004 n/a
2023-06-20 11:54:56 - Product: 1005 n/a
2023-06-20 11:54:56 - Product: 1010 n/a
2023-06-20 11:54:56 - Product: 1011 n/a
2023-06-20 11:54:56 - Product: 1012 n/a
2023-06-20 11:54:56 - Product: 1013 n/a
2023-06-20 11:54:56 - Product: 1014 n/a
2023-06-20 11:54:56 - Product: 1015 n/a
2023-06-20 11:54:56 - Product: 1016 n/a
2023-06-20 11:54:56 - Product: 1017 n/a
2023-06-20 11:54:56 - Product: 1018 n/a
2023-06-20 11:54:56 - Product: 1023 n/a
2023-06-20 11:54:56 - Product: 1044 n/a
2023-06-20 11:54:56 - Product: 1123 n/a
2023-06-20 11:54:56 - Product: 1129 n/a
2023-06-20 11:54:56 - Product: 1306 n/a
2023-06-20 11:54:56 - Product: 1307 n/a
2023-06-20 11:54:56 - Product: 1311 n/a
2023-06-20 11:54:56 - Product: 1312 n/a
2023-06-20 11:54:56 - Product: 1313 n/a
2023-06-20 11:54:56 - Product: 1404 n/a
2023-06-20 11:54:56 - Product: 1405 n/a
2023-06-20 11:54:56 - Product: 1409 n/a
2023-06-20 11:54:56 - Product: 1421 n/a
2023-06-20 11:54:56 - Product: 1422 n/a
2023-06-20 11:54:56 - Product: 1423 n/a
2023-06-20 11:54:56 - Product: 1424 n/a
2023-06-20 11:54:56 - Product: 1425 n/a
2023-06-20 11:54:56 - Product: 1426 n/a
2023-06-20 11:54:56 - Product: 1467 n/a
2023-06-20 11:54:56 - Product: 1468 n/a
2023-06-20 11:54:56 - Product: 1469 n/a
2023-06-20 11:54:56 - Product: 1470 n/a
2023-06-20 11:54:56 - Product: 1471 n/a
2023-06-20 11:54:56 - Product: 1472 n/a
2023-06-20 11:54:56 - Product: 1473 n/a
2023-06-20 11:54:56 - Product: 1476 n/a
2023-06-20 11:54:56 - Product: 1477 n/a
2023-06-20 11:54:56 - Product: 1664 n/a
2023-06-20 11:54:56 - Product: 1684 n/a
2023-06-20 11:54:56 - Product: 1685 n/a
2023-06-20 11:54:56 - Product: 1686 n/a
2023-06-20 11:54:56 - Product: 1687 n/a
2023-06-20 11:54:56 - Product: 1691 n/a
2023-06-20 11:54:56 - Product: 1692 n/a
2023-06-20 11:54:56 - Product: 1693 n/a
2023-06-20 11:54:56 - Product: 1694 n/a
2023-06-20 11:54:56 - Product: 1695 n/a
2023-06-20 11:54:56 - Product: 1696 n/a
2023-06-20 11:54:56 - Product: 1706 n/a
2023-06-20 11:54:56 - Product: 1707 n/a
2023-06-20 11:54:56 - Product: 1708 n/a
2023-06-20 11:54:56 - Product: 1709 n/a
2023-06-20 11:54:56 - Product: 1710 n/a
2023-06-20 11:54:56 - Product: 1712 n/a
2023-06-20 11:54:56 - Product: 1909 n/a
2023-06-20 11:54:56 - Product: 1983 n/a
2023-06-20 11:54:56 - Product: 2002 n/a
2023-06-20 11:54:56 - Product: 2003 n/a
2023-06-20 11:54:56 - Product: 2007 n/a
2023-06-20 11:54:56 - Product: 2009 n/a
2023-06-20 11:54:56 - Product: 2010 n/a
2023-06-20 11:54:56 - Product: 2014 n/a
2023-06-20 11:54:56 - Product: 2016 n/a
2023-06-20 11:54:56 - Product: 2017 n/a
2023-06-20 11:54:56 - Product: 2021 n/a
2023-06-20 11:54:56 - Product: 2023 n/a
2023-06-20 11:54:56 - Product: 2024 n/a
2023-06-20 11:54:56 - Product: 2026 n/a
2023-06-20 11:54:56 - Product: 2028 n/a
2023-06-20 11:54:56 - Product: 2029 n/a
2023-06-20 11:54:56 - Product: 2030 n/a
2023-06-20 11:54:56 - Product: 2031 n/a
2023-06-20 11:54:56 - Product: 2032 n/a
2023-06-20 11:54:56 - Product: 2033 n/a
2023-06-20 11:54:56 - Product: 2035 n/a
2023-06-20 11:54:56 - Product: 2036 n/a
2023-06-20 11:54:56 - Product: 2037 n/a
2023-06-20 11:54:56 - Product: 2038 n/a
2023-06-20 11:54:56 - Product: 2039 n/a
2023-06-20 11:54:56 - Product: 2040 n/a
2023-06-20 11:54:56 - Product: 2042 n/a
2023-06-20 11:54:56 - Product: 2043 n/a
2023-06-20 11:54:56 - Product: 2044 n/a
2023-06-20 11:54:56 - Product: 2045 n/a
2023-06-20 11:54:56 - Product: 2047 n/a
2023-06-20 11:54:56 - Product: 2049 n/a
2023-06-20 11:54:56 - Product: 2050 n/a
2023-06-20 11:54:56 - Product: 2051 n/a
2023-06-20 11:54:56 - Product: 2052 n/a
2023-06-20 11:54:56 - Product: 2053 n/a
2023-06-20 11:54:56 - Product: 2054 n/a
2023-06-20 11:54:56 - Product: 2056 n/a
2023-06-20 11:54:56 - Product: 2057 n/a
2023-06-20 11:54:56 - Product: 2058 n/a
2023-06-20 11:54:56 - Product: 2059 n/a
2023-06-20 11:54:56 - Product: 2063 n/a
2023-06-20 11:54:56 - Product: 2064 n/a
2023-06-20 11:54:56 - Product: 2080 n/a
2023-06-20 11:54:56 - Product: 2081 n/a
2023-06-20 11:54:56 - Product: 2082 n/a
2023-06-20 11:54:56 - Product: 2083 n/a
2023-06-20 11:54:56 - Product: 2084 n/a
2023-06-20 11:54:56 - Product: 2085 n/a
2023-06-20 11:54:56 - Product: 2090 n/a
2023-06-20 11:54:56 - Product: 2091 n/a
2023-06-20 11:54:56 - Product: 2093 n/a
2023-06-20 11:54:56 - Product: 2094 n/a
2023-06-20 11:54:56 - Product: 2095 n/a
2023-06-20 11:54:56 - Product: 2096 n/a
2023-06-20 11:54:56 - Product: 2097 n/a
2023-06-20 11:54:56 - Product: 2098 n/a
2023-06-20 11:54:56 - Product: 2101 n/a
2023-06-20 11:54:56 - Product: 2113 n/a
2023-06-20 11:54:56 - Product: 2114 n/a
2023-06-20 11:54:56 - Product: 2115 n/a
2023-06-20 11:54:56 - Product: 2116 n/a
2023-06-20 11:54:56 - Product: 2117 n/a
2023-06-20 11:54:56 - Product: 2118 n/a
2023-06-20 11:54:56 - Product: 2119 n/a
2023-06-20 11:54:56 - Product: 2120 n/a
2023-06-20 11:54:56 - Product: 2121 n/a
2023-06-20 11:54:56 - Product: 2122 n/a
2023-06-20 11:54:56 - Product: 2123 n/a
2023-06-20 11:54:56 - Product: 2124 n/a
2023-06-20 11:54:56 - Product: 2125 n/a
2023-06-20 11:54:56 - Product: 2126 n/a
2023-06-20 11:54:56 - Product: 2127 n/a
2023-06-20 11:54:56 - Product: 2212 n/a
2023-06-20 11:54:56 - Product: 2302 n/a
2023-06-20 11:54:56 - Product: 2304 n/a
2023-06-20 11:54:56 - Product: 2306 n/a
2023-06-20 11:54:56 - Product: 2307 n/a
2023-06-20 11:54:56 - Product: 2308 n/a
2023-06-20 11:54:56 - Product: 2321 n/a
2023-06-20 11:54:56 - Product: 2322 n/a
2023-06-20 11:54:56 - Product: 2323 n/a
2023-06-20 11:54:56 - Product: 2324 n/a
2023-06-20 11:54:56 - Product: 2326 n/a
2023-06-20 11:54:56 - Product: 2328 n/a
2023-06-20 11:54:56 - Product: 2329 n/a
2023-06-20 11:54:56 - Product: 2371 n/a
2023-06-20 11:54:56 - Product: 2372 n/a
2023-06-20 11:54:56 - Product: 2407 n/a
2023-06-20 11:54:56 - Product: 2408 n/a
2023-06-20 11:54:56 - Product: 2501 n/a
2023-06-20 11:54:56 - Product: 2502 n/a
2023-06-20 11:54:56 - Product: 2505 n/a
2023-06-20 11:54:56 - Product: 2507 n/a
2023-06-20 11:54:56 - Product: 2508 n/a
2023-06-20 11:54:56 - Product: 2509 n/a
2023-06-20 11:54:56 - Product: 2510 n/a
2023-06-20 11:54:56 - Product: 2511 n/a
2023-06-20 11:54:56 - Product: 2512 n/a
2023-06-20 11:54:56 - Product: 2513 n/a
2023-06-20 11:54:56 - Product: 2541 n/a
2023-06-20 11:54:56 - Product: 2542 n/a
2023-06-20 11:54:56 - Product: 2543 n/a
2023-06-20 11:54:56 - Product: 2544 n/a
2023-06-20 11:54:56 - Product: 2545 n/a
2023-06-20 11:54:56 - Product: 2546 n/a
2023-06-20 11:54:56 - Product: 2547 n/a
2023-06-20 11:54:56 - Product: 2623 n/a
2023-06-20 11:54:56 - Product: 2624 n/a
2023-06-20 11:54:56 - Product: 2625 n/a
2023-06-20 11:54:56 - Product: 2626 n/a
2023-06-20 11:54:56 - Product: 2627 n/a
2023-06-20 11:54:56 - Product: 2633 n/a
2023-06-20 11:54:56 - Product: 2634 n/a
2023-06-20 11:54:56 - Product: 2635 n/a
2023-06-20 11:54:56 - Product: 2636 n/a
2023-06-20 11:54:56 - Product: 2637 n/a
2023-06-20 11:54:56 - Product: 2727 n/a
2023-06-20 11:54:56 - Product: 3000 n/a
2023-06-20 11:54:56 - Product: 3001 n/a
2023-06-20 11:54:56 - Product: 3002 n/a
2023-06-20 11:54:56 - Product: 3003 n/a
2023-06-20 11:54:56 - Product: 3004 n/a
2023-06-20 11:54:56 - Product: 3005 n/a
2023-06-20 11:54:56 - Product: 3007 n/a
2023-06-20 11:54:56 - Product: 3050 n/a
2023-06-20 11:54:56 - Product: 3051 n/a
2023-06-20 11:54:56 - Product: 3052 n/a
2023-06-20 11:54:56 - Product: 3053 n/a
2023-06-20 11:54:56 - Product: 3054 n/a
2023-06-20 11:54:57 - Product: 3055 n/a
2023-06-20 11:54:57 - Product: 3056 n/a
2023-06-20 11:54:57 - Product: 3057 n/a
2023-06-20 11:54:57 - Product: 3058 n/a
2023-06-20 11:54:57 - Product: 3059 n/a
2023-06-20 11:54:57 - Product: 3060 n/a
2023-06-20 11:54:57 - Product: 3061 n/a
2023-06-20 11:54:57 - Product: 3062 n/a
2023-06-20 11:54:57 - Product: 3063 n/a
2023-06-20 11:54:57 - Product: 3105 n/a
2023-06-20 11:54:57 - Product: 3115 n/a
2023-06-20 11:54:57 - Product: 3135 n/a
2023-06-20 11:54:57 - Product: 3138 n/a
2023-06-20 11:54:57 - Product: 3139 n/a
2023-06-20 11:54:57 - Product: 3141 n/a
2023-06-20 11:54:57 - Product: 3142 n/a
2023-06-20 11:54:57 - Product: 3145 n/a
2023-06-20 11:54:57 - Product: 3147 n/a
2023-06-20 11:54:57 - Product: 3148 n/a
2023-06-20 11:54:57 - Product: 3152 n/a
2023-06-20 11:54:57 - Product: 3155 n/a
2023-06-20 11:54:57 - Product: 3156 n/a
2023-06-20 11:54:57 - Product: 3158 n/a
2023-06-20 11:54:57 - Product: 3160 n/a
2023-06-20 11:54:57 - Product: 3161 n/a
2023-06-20 11:54:57 - Product: 3163 n/a
2023-06-20 11:54:57 - Product: 3164 n/a
2023-06-20 11:54:57 - Product: 3165 n/a
2023-06-20 11:54:57 - Product: 3255 n/a
2023-06-20 11:54:57 - Product: 3257 n/a
2023-06-20 11:54:57 - Product: 3259 n/a
2023-06-20 11:54:57 - Product: 3263 n/a
2023-06-20 11:54:57 - Product: 3301 n/a
2023-06-20 11:54:57 - Product: 3302 n/a
2023-06-20 11:54:57 - Product: 3303 n/a
2023-06-20 11:54:57 - Product: 3304 n/a
2023-06-20 11:54:57 - Product: 3305 n/a
2023-06-20 11:54:57 - Product: 3306 n/a
2023-06-20 11:54:57 - Product: 3307 n/a
2023-06-20 11:54:57 - Product: 3308 n/a
2023-06-20 11:54:57 - Product: 3309 n/a
2023-06-20 11:54:57 - Product: 3310 n/a
2023-06-20 11:54:57 - Product: 3401 n/a
2023-06-20 11:54:57 - Product: 3402 n/a
2023-06-20 11:54:57 - Product: 3403 n/a
2023-06-20 11:54:57 - Product: 3404 n/a
2023-06-20 11:54:57 - Product: 3406 n/a
2023-06-20 11:54:57 - Product: 3501 n/a
2023-06-20 11:54:57 - Product: 3703 n/a
2023-06-20 11:54:57 - Product: 4002 n/a
2023-06-20 11:54:57 - Product: 4010 n/a
2023-06-20 11:54:57 - Product: 4011 n/a
2023-06-20 11:54:57 - Product: 4012 n/a
2023-06-20 11:54:57 - Product: 4050 n/a
2023-06-20 11:54:57 - Product: 4060 n/a
2023-06-20 11:54:57 - Product: 4061 n/a
2023-06-20 11:54:57 - Product: 4062 n/a
2023-06-20 11:54:57 - Product: 4070 n/a
2023-06-20 11:54:57 - Product: 4101 n/a
2023-06-20 11:54:57 - Product: 4102 n/a
2023-06-20 11:54:57 - Product: 4105 n/a
2023-06-20 11:54:57 - Product: 4106 n/a
2023-06-20 11:54:57 - Product: 4107 n/a
2023-06-20 11:54:57 - Product: 4108 n/a
2023-06-20 11:54:58 - Product: 5061 n/a
2023-06-20 11:54:58 - Product: 5114 n/a
2023-06-20 11:54:58 - Product: 5131 n/a
2023-06-20 11:54:58 - Product: 5140 n/a
2023-06-20 11:54:58 - Product: 5141 n/a
2023-06-20 11:54:58 - Product: 5142 n/a
2023-06-20 11:54:58 - Product: 5143 n/a
2023-06-20 11:54:58 - Product: 5144 n/a
2023-06-20 11:54:58 - Product: 5145 n/a
2023-06-20 11:54:58 - Product: 5146 n/a
2023-06-20 11:54:58 - Product: 5149 n/a
2023-06-20 11:54:58 - Product: 5151 n/a
2023-06-20 11:54:58 - Product: 5152 n/a
2023-06-20 11:54:58 - Product: 5153 n/a
2023-06-20 11:54:58 - Product: 5160 n/a
2023-06-20 11:54:58 - Product: 5161 n/a
2023-06-20 11:54:58 - Product: 5162 n/a
2023-06-20 11:54:58 - Product: 5163 n/a
2023-06-20 11:54:58 - Product: 5165 n/a
2023-06-20 11:54:58 - Product: 5170 n/a
2023-06-20 11:54:58 - Product: 5171 n/a
2023-06-20 11:54:58 - Product: 5172 n/a
2023-06-20 11:54:58 - Product: 5173 n/a
2023-06-20 11:54:58 - Product: 5174 n/a
2023-06-20 11:54:58 - Product: 5175 n/a
2023-06-20 11:54:58 - Product: 5177 n/a
2023-06-20 11:54:58 - Product: 5178 n/a
2023-06-20 11:54:58 - Product: 5179 n/a
2023-06-20 11:54:58 - Product: 5180 n/a
2023-06-20 11:54:58 - Product: 5181 n/a
2023-06-20 11:54:58 - Product: 5182 n/a
2023-06-20 11:54:58 - Product: 5183 n/a
2023-06-20 11:54:58 - Product: 5184 n/a
2023-06-20 11:54:58 - Product: 5185 n/a
2023-06-20 11:54:58 - Product: 5212 n/a
2023-06-20 11:54:58 - Product: 5214 n/a
2023-06-20 11:54:58 - Product: 5215 n/a
2023-06-20 11:54:58 - Product: 5216 n/a
2023-06-20 11:54:58 - Product: 5221 n/a
2023-06-20 11:54:58 - Product: 5222 n/a
2023-06-20 11:54:58 - Product: 5223 n/a
2023-06-20 11:54:58 - Product: 5224 n/a
2023-06-20 11:54:58 - Product: 5245 n/a
2023-06-20 11:54:58 - Product: 5246 n/a
2023-06-20 11:54:58 - Product: 5250 n/a
2023-06-20 11:54:58 - Product: 5251 n/a
2023-06-20 11:54:58 - Product: 5252 n/a
2023-06-20 11:54:58 - Product: 5254 n/a
2023-06-20 11:54:58 - Product: 5255 n/a
2023-06-20 11:54:58 - Product: 5266 n/a
2023-06-20 11:54:58 - Product: 5267 n/a
2023-06-20 11:54:58 - Product: 5269 n/a
2023-06-20 11:54:58 - Product: 5270 n/a
2023-06-20 11:54:58 - Product: 5279 n/a
2023-06-20 11:54:58 - Product: 5280 n/a
2023-06-20 11:54:58 - Product: 5281 n/a
2023-06-20 11:54:58 - Product: 5286 n/a
2023-06-20 11:54:58 - Product: 5289 n/a
2023-06-20 11:54:58 - Product: 5312 n/a
2023-06-20 11:54:58 - Product: 5400 n/a
2023-06-20 11:54:58 - Product: 5412 n/a
2023-06-20 11:54:58 - Product: 5421 n/a
2023-06-20 11:54:58 - Product: 5503 n/a
2023-06-20 11:54:58 - Product: 5510 n/a
2023-06-20 11:54:58 - Product: 5511 n/a
2023-06-20 11:54:58 - Product: 5512 n/a
2023-06-20 11:54:58 - Product: 5513 n/a
2023-06-20 11:54:58 - Product: 5514 n/a
2023-06-20 11:54:58 - Product: 5515 n/a
2023-06-20 11:54:58 - Product: 5516 n/a
2023-06-20 11:54:58 - Product: 5517 n/a
2023-06-20 11:54:58 - Product: 5519 n/a
2023-06-20 11:54:58 - Product: 5521 n/a
2023-06-20 11:54:58 - Product: 6009 n/a
2023-06-20 11:54:58 - Product: 6010 n/a
2023-06-20 11:54:58 - Product: 6012 n/a
2023-06-20 11:54:58 - Product: 6014 n/a
2023-06-20 11:54:58 - Product: 6015 n/a
2023-06-20 11:54:58 - Product: 6016 n/a
2023-06-20 11:54:58 - Product: 6019 n/a
2023-06-20 11:54:58 - Product: 6020 n/a
2023-06-20 11:54:58 - Product: 6022 n/a
2023-06-20 11:54:58 - Product: 6025 n/a
2023-06-20 11:54:58 - Product: 6026 n/a
2023-06-20 11:54:58 - Product: 6050 n/a
2023-06-20 11:54:58 - Product: 6060 n/a
2023-06-20 11:54:58 - Product: 6061 n/a
2023-06-20 11:54:58 - Product: 6070 n/a
2023-06-20 11:54:58 - Product: 6072 n/a
2023-06-20 11:54:58 - Product: 6074 n/a
2023-06-20 11:54:58 - Product: 6075 n/a
2023-06-20 11:54:58 - Product: 6077 n/a
2023-06-20 11:55:00 - Product: 6103 n/a
2023-06-20 11:55:00 - Product: 6106 n/a
2023-06-20 11:55:00 - Product: 6110 n/a
2023-06-20 11:55:00 - Product: 6221 n/a
2023-06-20 11:55:00 - Product: 6222 n/a
2023-06-20 11:55:00 - Product: 6223 n/a
2023-06-20 11:55:00 - Product: 6224 n/a
2023-06-20 11:55:00 - Product: 6447 n/a
2023-06-20 11:55:00 - Product: 6450 n/a
2023-06-20 11:55:00 - Product: 6611 n/a
2023-06-20 11:55:00 - Product: 6994 n/a
2023-06-20 11:55:00 - Product: 7002 n/a
2023-06-20 11:55:00 - Product: 7003 n/a
2023-06-20 11:55:00 - Product: 7004 n/a
2023-06-20 11:55:00 - Product: 7005 n/a
2023-06-20 11:55:00 - Product: 7006 n/a
2023-06-20 11:55:00 - Product: 7009 n/a
2023-06-20 11:55:00 - Product: 7010 n/a
2023-06-20 11:55:00 - Product: 7011 n/a
2023-06-20 11:55:00 - Product: 7012 n/a
2023-06-20 11:55:00 - Product: 7026 n/a
2023-06-20 11:55:00 - Product: 7027 n/a
2023-06-20 11:55:00 - Product: 7028 n/a
2023-06-20 11:55:00 - Product: 7029 n/a
2023-06-20 11:55:00 - Product: 7030 n/a
2023-06-20 11:55:00 - Product: 7031 n/a
2023-06-20 11:55:00 - Product: 7032 n/a
2023-06-20 11:55:00 - Product: 7033 n/a
2023-06-20 11:55:00 - Product: 7034 n/a
2023-06-20 11:55:00 - Product: 7049 n/a
2023-06-20 11:55:00 - Product: 7059 n/a
2023-06-20 11:55:00 - Product: 7060 n/a
2023-06-20 11:55:00 - Product: 7061 n/a
2023-06-20 11:55:00 - Product: 7062 n/a
2023-06-20 11:55:00 - Product: 7064 n/a
2023-06-20 11:55:00 - Product: 7080 n/a
2023-06-20 11:55:00 - Product: 7111 n/a
2023-06-20 11:55:00 - Product: 7123 n/a
2023-06-20 11:55:00 - Product: 7124 n/a
2023-06-20 11:55:00 - Product: 7154 n/a
2023-06-20 11:55:00 - Product: 7179 n/a
2023-06-20 11:55:00 - Product: 7185 n/a
2023-06-20 11:55:00 - Product: 7186 n/a
2023-06-20 11:55:00 - Product: 7224 n/a
2023-06-20 11:55:00 - Product: 7311 n/a
2023-06-20 11:55:00 - Product: 7313 n/a
2023-06-20 11:55:00 - Product: 7314 n/a
2023-06-20 11:55:00 - Product: 7315 n/a
2023-06-20 11:55:00 - Product: 7321 n/a
2023-06-20 11:55:00 - Product: 7323 n/a
2023-06-20 11:55:00 - Product: 7324 n/a
2023-06-20 11:55:00 - Product: 7325 n/a
2023-06-20 11:55:00 - Product: 7331 n/a
2023-06-20 11:55:00 - Product: 7333 n/a
2023-06-20 11:55:00 - Product: 7334 n/a
2023-06-20 11:55:00 - Product: 7335 n/a
2023-06-20 11:55:00 - Product: 7343 n/a
2023-06-20 11:55:00 - Product: 7344 n/a
2023-06-20 11:55:00 - Product: 7345 n/a
2023-06-20 11:55:00 - Product: 7351 n/a
2023-06-20 11:55:00 - Product: 7352 n/a
2023-06-20 11:55:00 - Product: 7353 n/a
2023-06-20 11:55:00 - Product: 7354 n/a
2023-06-20 11:55:00 - Product: 7355 n/a
2023-06-20 11:55:00 - Product: 7356 n/a
2023-06-20 11:55:00 - Product: 7357 n/a
2023-06-20 11:55:00 - Product: 7359 n/a
2023-06-20 11:55:00 - Product: 7360 n/a
2023-06-20 11:55:00 - Product: 7361 n/a
2023-06-20 11:55:00 - Product: 7365 n/a
2023-06-20 11:55:00 - Product: 7366 n/a
2023-06-20 11:55:00 - Product: 7369 n/a
2023-06-20 11:55:00 - Product: 7371 n/a
2023-06-20 11:55:00 - Product: 7373 n/a
2023-06-20 11:55:00 - Product: 7374 n/a
2023-06-20 11:55:00 - Product: 7381 n/a
2023-06-20 11:55:00 - Product: 7382 n/a
2023-06-20 11:55:00 - Product: 7383 n/a
2023-06-20 11:55:00 - Product: 7384 n/a
2023-06-20 11:55:00 - Product: 7385 n/a
2023-06-20 11:55:00 - Product: 7393 n/a
2023-06-20 11:55:00 - Product: 7395 n/a
2023-06-20 11:55:00 - Product: 7400 n/a
2023-06-20 11:55:00 - Product: 7403 n/a
2023-06-20 11:55:00 - Product: 7408 n/a
2023-06-20 11:55:00 - Product: 7410 n/a
2023-06-20 11:55:00 - Product: 7411 n/a
2023-06-20 11:55:00 - Product: 7413 n/a
2023-06-20 11:55:00 - Product: 7420 n/a
2023-06-20 11:55:00 - Product: 7421 n/a
2023-06-20 11:55:00 - Product: 7422 n/a
2023-06-20 11:55:00 - Product: 7423 n/a
2023-06-20 11:55:00 - Product: 7431 n/a
2023-06-20 11:55:00 - Product: 7433 n/a
2023-06-20 11:55:00 - Product: 7436 n/a
2023-06-20 11:55:00 - Product: 7441 n/a
2023-06-20 11:55:00 - Product: 7443 n/a
2023-06-20 11:55:00 - Product: 7444 n/a
2023-06-20 11:55:00 - Product: 7500 n/a
2023-06-20 11:55:00 - Product: 7510 n/a
2023-06-20 11:55:00 - Product: 7600 n/a
2023-06-20 11:55:00 - Product: 7601 n/a
2023-06-20 11:55:00 - Product: 7602 n/a
2023-06-20 11:55:00 - Product: 7603 n/a
2023-06-20 11:55:00 - Product: 7604 n/a
2023-06-20 11:55:00 - Product: 7606 n/a
2023-06-20 11:55:00 - Product: 7607 n/a
2023-06-20 11:55:00 - Product: 7610 n/a
2023-06-20 11:55:00 - Product: 7612 n/a
2023-06-20 11:55:00 - Product: 7613 n/a
2023-06-20 11:55:00 - Product: 7614 n/a
2023-06-20 11:55:00 - Product: 7616 n/a
2023-06-20 11:55:00 - Product: 7617 n/a
2023-06-20 11:55:00 - Product: 7618 n/a
2023-06-20 11:55:00 - Product: 7619 n/a
2023-06-20 11:55:00 - Product: 7621 n/a
2023-06-20 11:55:00 - Product: 7624 n/a
2023-06-20 11:55:00 - Product: 8011 n/a
2023-06-20 11:55:00 - Product: 8051 n/a
2023-06-20 11:55:00 - Product: 8111 n/a
2023-06-20 11:55:00 - Product: 8211 n/a
2023-06-20 11:55:00 - Product: 8224 n/a
2023-06-20 11:55:00 - Product: 8500 n/a
2023-06-20 11:55:00 - Product: 8510 n/a
2023-06-20 11:55:00 - Product: 8520 n/a
2023-06-20 11:55:00 - Product: 9011 n/a
2023-06-20 11:55:00 - Product: 9029 n/a
2023-06-20 11:55:00 - Product: 9072 n/a
2023-06-20 11:55:00 - Product: 9086 n/a
2023-06-20 11:55:00 - Product: 9089 n/a
2023-06-20 11:55:00 - Product: 9165 n/a
2023-06-20 11:55:00 - Product: 9200 n/a
2023-06-20 11:55:00 - Product: 9277 n/a
2023-06-20 11:55:00 - Product: 9278 n/a
2023-06-20 11:55:00 - Product: 9305 n/a
2023-06-20 11:55:00 - Product: 9310 n/a
2023-06-20 11:55:00 - Product: 9315 n/a
2023-06-20 11:55:00 - Product: 9320 n/a
2023-06-20 11:55:00 - Product: 9325 n/a
2023-06-20 11:55:00 - Product: 9450 n/a
2023-06-20 11:55:00 - Product: 9455 n/a
2023-06-20 11:55:00 - Product: 9460 n/a
2023-06-20 11:55:00 - Product: 9510 n/a
2023-06-20 11:55:00 - Product: 9525 n/a
2023-06-20 11:55:00 - Product: 9530 n/a
2023-06-20 11:55:00 - Product: 9540 n/a
2023-06-20 11:55:00 - Product: 9610 n/a
2023-06-20 11:55:00 - Product: 9615 n/a
2023-06-20 11:55:00 - Product: 9625 n/a
2023-06-20 11:55:00 - Product: 9732 n/a
2023-06-20 11:55:00 - Product: 9815 n/a
2023-06-20 11:55:00 - Product: 9850 n/a
2023-06-20 11:55:00 - Product: 9856 n/a
2023-06-20 11:55:00 - Product: 9862 n/a
2023-06-20 11:55:00 - Product: 9870 n/a
2023-06-20 11:55:00 - Product: 9954 n/a
2023-06-20 11:55:00 - Product: 9955 n/a
2023-06-20 11:55:00 - Product: 9965 n/a
2023-06-20 11:55:00 - Product: 9973 n/a
2023-06-20 11:55:00 - Product: 00034 n/a
2023-06-20 11:55:00 - Product: 00035 n/a
2023-06-20 11:55:00 - Product: 00037 n/a
2023-06-20 11:55:00 - Product: 00038 n/a
2023-06-20 11:55:00 - Product: 00039 n/a
2023-06-20 11:55:00 - Product: 00042 n/a
2023-06-20 11:55:00 - Product: 00043 n/a
2023-06-20 11:55:00 - Product: 01313 n/a
2023-06-20 11:55:00 - Product: 02098 n/a
2023-06-20 11:55:00 - Product: 05334 n/a
2023-06-20 11:55:00 - Product: 06533 n/a
2023-06-20 11:55:00 - Product: 06535 n/a
2023-06-20 11:55:00 - Product: 06537 n/a
2023-06-20 11:55:00 - Product: 09277 n/a
2023-06-20 11:55:00 - Product: 09278 n/a
2023-06-20 11:55:00 - Product: 09955 n/a
2023-06-20 11:55:00 - Product: 09973 n/a
2023-06-20 11:55:00 - Product: 10040 n/a
2023-06-20 11:55:00 - Product: 10042 n/a
2023-06-20 11:55:00 - Product: 10064 n/a
